<?xml version="1.0" encoding="UTF-8"?>
<!-- Generated by org.testng.reporters.JUnitXMLReporter -->
<testsuite hostname="Poojas-MacBook-Pro.local" ignored="0" name="Test" tests="4" failures="2" timestamp="2022-09-06T15:30:14 PDT" time="0.08" errors="0">
  <testcase name="validateTitle" time="0.015" classname="testcases.testNg2">
    <failure type="java.lang.AssertionError" message="expected:&amp;lt;fail&amp;gt; but was:&amp;lt;pass&amp;gt;">
      <![CDATA[java.lang.AssertionError: expected:<fail> but was:<pass>
at testcases.testNg2.validateTitle(testNg2.java:21)
at java.util.ArrayList.forEach(ArrayList.java:1259)
... Removed 29 stack frames]]>
    </failure>
  </testcase> <!-- validateTitle -->
  <testcase name="doReg" time="0.002" classname="testcases.TestingTestNg">
    <failure type="java.lang.AssertionError" message="registration failed">
      <![CDATA[java.lang.AssertionError: registration failed
at testcases.TestingTestNg.doReg(TestingTestNg.java:21)
at java.util.ArrayList.forEach(ArrayList.java:1259)
... Removed 28 stack frames]]>
    </failure>
  </testcase> <!-- doReg -->
  <testcase name="showNews" time="0.003" classname="testcases.TestingTestNg"/>
  <testcase name="doLogin" time="0.0" classname="testcases.TestingTestNg">
    <skipped/>
  </testcase> <!-- doLogin -->
</testsuite> <!-- Test -->
