<?xml version="1.0" encoding="UTF-8"?>
<!-- Generated by org.testng.reporters.JUnitXMLReporter -->
<testsuite hostname="Poojas-MacBook-Pro.local" ignored="0" name="Test2" tests="3" failures="0" timestamp="2022-09-06T21:08:33 PDT" time="0.018" errors="0">
  <testcase name="doReg" time="0.001" classname="testcases.TestingTestNg"/>
  <testcase name="showNews" time="0.003" classname="testcases.TestingTestNg"/>
  <testcase name="doLogin" time="0.005" classname="testcases.TestingTestNg"/>
</testsuite> <!-- Test2 -->
